<?xml version="1.0" encoding="UTF-8"?>
<testsuite xmlns:xsi="http://www.w3.org/2001/XMLSchema-instance" xsi:noNamespaceSchemaLocation="https://maven.apache.org/surefire/maven-surefire-plugin/xsd/surefire-test-report-3.0.xsd" version="3.0" name="pl.kurs.task1.services.ShapeFactoryTest" time="0.127" tests="24" errors="0" skipped="0" failures="0">
  <properties>
[...]
</properties>
  <testcase name="shouldThrowInvalidShapeParameterExceptionWhenCreatingSquareWithWidthEqual0AndNegativeHeight" classname="pl.kurs.task1.services.ShapeFactoryTest" time="0.004"/>
  <testcase name="shouldThrowInvalidShapeParameterExceptionWhenCreatingRadiusWithRadiusEqual0" classname="pl.kurs.task1.services.ShapeFactoryTest" time="0.0"/>
  <testcase name="shouldThrowInvalidShapeParameterExceptionWhenCreatingSquareWithSideEqual0" classname="pl.kurs.task1.services.ShapeFactoryTest" time="0.0"/>
  <testcase name="shouldThrowInvalidShapeParameterExceptionWhenCreatingSquareWithWidthEqual0AndPositiveHeight" classname="pl.kurs.task1.services.ShapeFactoryTest" time="0.0"/>
  <testcase name="shouldCreateRectangleWithCorrectDimensions" classname="pl.kurs.task1.services.ShapeFactoryTest" time="0.076"/>
  <testcase name="shouldCreateSquareWithCorrectSide" classname="pl.kurs.task1.services.ShapeFactoryTest" time="0.003"/>
  <testcase name="shouldReturnSameInstanceOfRectangleWithSameParameters" classname="pl.kurs.task1.services.ShapeFactoryTest" time="0.0"/>
  <testcase name="shouldReturnDifferentInstanceOfRectangleWithDifferentParameters" classname="pl.kurs.task1.services.ShapeFactoryTest" time="0.0"/>
  <testcase name="shouldThrowInvalidShapeParameterExceptionWhenCreatingSquareWithPositiveWidthAndNegativeHeight" classname="pl.kurs.task1.services.ShapeFactoryTest" time="0.0"/>
  <testcase name="shouldThrowInvalidShapeParameterExceptionWhenCreatingSquareWithNegativeWidthAndHeightEqual0" classname="pl.kurs.task1.services.ShapeFactoryTest" time="0.0"/>
  <testcase name="shouldThrowInvalidShapeParameterExceptionWhenCreatingSquareWithDimensionsEqual0" classname="pl.kurs.task1.services.ShapeFactoryTest" time="0.0"/>
  <testcase name="shouldThrowInvalidShapeParameterExceptionWhenCreatingCircleWithNegativeRadius" classname="pl.kurs.task1.services.ShapeFactoryTest" time="0.0"/>
  <testcase name="shouldThrowInvalidShapeParameterExceptionWhenCreatingSquareWithNegativeDimensions" classname="pl.kurs.task1.services.ShapeFactoryTest" time="0.0"/>
  <testcase name="shouldCreateCircleWithCorrectRadius" classname="pl.kurs.task1.services.ShapeFactoryTest" time="0.002"/>
  <testcase name="shouldThrowInvalidShapeParameterExceptionWhenCreatingSquareWithNegativeWidthAndPositiveHeight" classname="pl.kurs.task1.services.ShapeFactoryTest" time="0.0"/>
  <testcase name="shouldNotIncreaseCacheSizeWhenCreatingRectangleWithSameParameters" classname="pl.kurs.task1.services.ShapeFactoryTest" time="0.002"/>
  <testcase name="shouldThrowInvalidShapeParameterExceptionWhenCreatingSquareWithPositiveWidthAndHeightEqual0" classname="pl.kurs.task1.services.ShapeFactoryTest" time="0.0"/>
  <testcase name="shouldReturnDifferentInstanceOfSquareWithDifferentParameters" classname="pl.kurs.task1.services.ShapeFactoryTest" time="0.001"/>
  <testcase name="shouldNotIncreaseCacheSizeWhenCreatingSquareWithSameParameters" classname="pl.kurs.task1.services.ShapeFactoryTest" time="0.0"/>
  <testcase name="shouldNotIncreaseCacheSizeWhenCreatingCircleWithSameParameters" classname="pl.kurs.task1.services.ShapeFactoryTest" time="0.0"/>
  <testcase name="shouldReturnDifferentInstanceOfCircleWithDifferentParameters" classname="pl.kurs.task1.services.ShapeFactoryTest" time="0.0"/>
  <testcase name="shouldThrowInvalidShapeParameterExceptionWhenCreatingSquareWithNegativeSide" classname="pl.kurs.task1.services.ShapeFactoryTest" time="0.0"/>
  <testcase name="shouldReturnSameInstanceOfSquareWithSameParameters" classname="pl.kurs.task1.services.ShapeFactoryTest" time="0.0"/>
  <testcase name="shouldReturnSameInstanceOfCircleWithSameParameters" classname="pl.kurs.task1.services.ShapeFactoryTest" time="0.002"/>
</testsuite>